<?xml version="1.0" encoding="UTF-8"?>
<testng-results ignored="0" total="1" passed="1" failed="0" skipped="0">
  <reporter-output>
  </reporter-output>
  <suite started-at="2024-02-06T11:40:54 IST" name="Surefire suite" finished-at="2024-02-06T11:40:54 IST" duration-ms="26">
    <groups>
    </groups>
    <test started-at="2024-02-06T11:40:54 IST" name="Surefire test" finished-at="2024-02-06T11:40:54 IST" duration-ms="26">
      <class name="samplecalc.AdditionTest">
        <test-method signature="add()[pri:0, instance:samplecalc.AdditionTest@3b2da18f]" started-at="2024-02-06T11:40:54 IST" name="add" finished-at="2024-02-06T11:40:54 IST" duration-ms="4" status="PASS">
          <reporter-output>
          </reporter-output>
        </test-method> <!-- add -->
      </class> <!-- samplecalc.AdditionTest -->
    </test> <!-- Surefire test -->
  </suite> <!-- Surefire suite -->
</testng-results>
